# JRE version: OpenJDK Runtime Environment AdoptOpenJDK (11.0.10+9) (build 11.0.10+9)
# Java VM: OpenJDK 64-Bit Server VM AdoptOpenJDK (11.0.10+9, mixed mode, tiered, compressed oops, g1 gc, windows-amd64)
Heap:
 garbage-first heap   total 378880K, used 231154K [0x0000000701400000, 0x0000000800000000)
  region size 1024K, 137 young (140288K), 16 survivors (16384K)
 Metaspace       used 72441K, capacity 76892K, committed 77136K, reserved 1116160K
  class space    used 8498K, capacity 10430K, committed 10496K, reserved 1048576K
GC Heap History (20 events):
Event: 5.697 GC heap before
{Heap before GC invocations=8 (full 0):
 garbage-first heap   total 262144K, used 193233K [0x0000000701400000, 0x0000000800000000)
  region size 1024K, 133 young (136192K), 13 survivors (13312K)
 Metaspace       used 55929K, capacity 59483K, committed 59600K, reserved 1101824K
  class space    used 6443K, capacity 8052K, committed 8064K, reserved 1048576K
}
Event: 5.714 GC heap after
{Heap after GC invocations=9 (full 0):
 garbage-first heap   total 315392K, used 73821K [0x0000000701400000, 0x0000000800000000)
  region size 1024K, 12 young (12288K), 12 survivors (12288K)
 Metaspace       used 55929K, capacity 59483K, committed 59600K, reserved 1101824K
  class space    used 6443K, capacity 8052K, committed 8064K, reserved 1048576K
}
Event: 6.102 GC heap before
{Heap before GC invocations=9 (full 0):
 garbage-first heap   total 315392K, used 182365K [0x0000000701400000, 0x0000000800000000)
  region size 1024K, 119 young (121856K), 12 survivors (12288K)
 Metaspace       used 56718K, capacity 60169K, committed 60240K, reserved 1101824K
  class space    used 6534K, capacity 8150K, committed 8192K, reserved 1048576K
}
Event: 6.112 GC heap after
{Heap after GC invocations=10 (full 0):
 garbage-first heap   total 315392K, used 75567K [0x0000000701400000, 0x0000000800000000)
  region size 1024K, 5 young (5120K), 5 survivors (5120K)
 Metaspace       used 56718K, capacity 60169K, committed 60240K, reserved 1101824K
  class space    used 6534K, capacity 8150K, committed 8192K, reserved 1048576K
}
Event: 6.540 GC heap before
{Heap before GC invocations=11 (full 0):
 garbage-first heap   total 315392K, used 219951K [0x0000000701400000, 0x0000000800000000)
  region size 1024K, 141 young (144384K), 5 survivors (5120K)
 Metaspace       used 59367K, capacity 62837K, committed 63056K, reserved 1103872K
  class space    used 6788K, capacity 8375K, committed 8448K, reserved 1048576K
}
Event: 6.546 GC heap after
{Heap after GC invocations=12 (full 0):
 garbage-first heap   total 315392K, used 85809K [0x0000000701400000, 0x0000000800000000)
  region size 1024K, 10 young (10240K), 10 survivors (10240K)
 Metaspace       used 59367K, capacity 62837K, committed 63056K, reserved 1103872K
  class space    used 6788K, capacity 8375K, committed 8448K, reserved 1048576K
}
Event: 6.745 GC heap before
{Heap before GC invocations=12 (full 0):
 garbage-first heap   total 315392K, used 235313K [0x0000000701400000, 0x0000000800000000)
  region size 1024K, 156 young (159744K), 10 survivors (10240K)
 Metaspace       used 59411K, capacity 62933K, committed 63056K, reserved 1103872K
  class space    used 6790K, capacity 8407K, committed 8448K, reserved 1048576K
}
Event: 6.752 GC heap after
{Heap after GC invocations=13 (full 0):
 garbage-first heap   total 315392K, used 87260K [0x0000000701400000, 0x0000000800000000)
  region size 1024K, 12 young (12288K), 12 survivors (12288K)
 Metaspace       used 59411K, capacity 62933K, committed 63056K, reserved 1103872K
  class space    used 6790K, capacity 8407K, committed 8448K, reserved 1048576K
}
Event: 6.938 GC heap before
{Heap before GC invocations=13 (full 0):
 garbage-first heap   total 315392K, used 248028K [0x0000000701400000, 0x0000000800000000)
  region size 1024K, 169 young (173056K), 12 survivors (12288K)
 Metaspace       used 59424K, capacity 62997K, committed 63056K, reserved 1103872K
  class space    used 6790K, capacity 8407K, committed 8448K, reserved 1048576K
}
Event: 6.946 GC heap after
{Heap after GC invocations=14 (full 0):
 garbage-first heap   total 315392K, used 87857K [0x0000000701400000, 0x0000000800000000)
  region size 1024K, 12 young (12288K), 12 survivors (12288K)
 Metaspace       used 59424K, capacity 62997K, committed 63056K, reserved 1103872K
  class space    used 6790K, capacity 8407K, committed 8448K, reserved 1048576K
}
Event: 7.241 GC heap before
{Heap before GC invocations=14 (full 0):
 garbage-first heap   total 315392K, used 259889K [0x0000000701400000, 0x0000000800000000)
  region size 1024K, 180 young (184320K), 12 survivors (12288K)
 Metaspace       used 60009K, capacity 63546K, committed 63696K, reserved 1103872K
  class space    used 6842K, capacity 8479K, committed 8576K, reserved 1048576K
}
Event: 7.249 GC heap after
{Heap after GC invocations=15 (full 0):
 garbage-first heap   total 315392K, used 89905K [0x0000000701400000, 0x0000000800000000)
  region size 1024K, 14 young (14336K), 14 survivors (14336K)
 Metaspace       used 60009K, capacity 63546K, committed 63696K, reserved 1103872K
  class space    used 6842K, capacity 8479K, committed 8576K, reserved 1048576K
}
Event: 7.832 GC heap before
{Heap before GC invocations=15 (full 0):
 garbage-first heap   total 315392K, used 261937K [0x0000000701400000, 0x0000000800000000)
  region size 1024K, 182 young (186368K), 14 survivors (14336K)
 Metaspace       used 60806K, capacity 64374K, committed 64464K, reserved 1105920K
  class space    used 6910K, capacity 8544K, committed 8576K, reserved 1048576K
}
Event: 7.843 GC heap after
{Heap after GC invocations=16 (full 0):
 garbage-first heap   total 378880K, used 93426K [0x0000000701400000, 0x0000000800000000)
  region size 1024K, 15 young (15360K), 15 survivors (15360K)
 Metaspace       used 60806K, capacity 64374K, committed 64464K, reserved 1105920K
  class space    used 6910K, capacity 8544K, committed 8576K, reserved 1048576K
}
Event: 8.104 GC heap before
{Heap before GC invocations=16 (full 0):
 garbage-first heap   total 378880K, used 293106K [0x0000000701400000, 0x0000000800000000)
  region size 1024K, 210 young (215040K), 15 survivors (15360K)
 Metaspace       used 60958K, capacity 64549K, committed 64848K, reserved 1105920K
  class space    used 6933K, capacity 8581K, committed 8704K, reserved 1048576K
}
Event: 8.116 GC heap after
{Heap after GC invocations=17 (full 0):
 garbage-first heap   total 378880K, used 94978K [0x0000000701400000, 0x0000000800000000)
  region size 1024K, 15 young (15360K), 15 survivors (15360K)
 Metaspace       used 60958K, capacity 64549K, committed 64848K, reserved 1105920K
  class space    used 6933K, capacity 8581K, committed 8704K, reserved 1048576K
}
Event: 9.086 GC heap before
{Heap before GC invocations=17 (full 0):
 garbage-first heap   total 378880K, used 310018K [0x0000000701400000, 0x0000000800000000)
  region size 1024K, 222 young (227328K), 15 survivors (15360K)
 Metaspace       used 65317K, capacity 69287K, committed 69456K, reserved 1110016K
  class space    used 7558K, capacity 9352K, committed 9472K, reserved 1048576K
}
Event: 9.103 GC heap after
{Heap after GC invocations=18 (full 0):
 garbage-first heap   total 378880K, used 105218K [0x0000000701400000, 0x0000000800000000)
  region size 1024K, 22 young (22528K), 22 survivors (22528K)
 Metaspace       used 65317K, capacity 69287K, committed 69456K, reserved 1110016K
  class space    used 7558K, capacity 9352K, committed 9472K, reserved 1048576K
}
Event: 10.091 GC heap before
{Heap before GC invocations=18 (full 0):
 garbage-first heap   total 378880K, used 310018K [0x0000000701400000, 0x0000000800000000)
  region size 1024K, 222 young (227328K), 22 survivors (22528K)
 Metaspace       used 70512K, capacity 74967K, committed 75088K, reserved 1114112K
  class space    used 8299K, capacity 10236K, committed 10240K, reserved 1048576K
}
Event: 10.107 GC heap after
{Heap after GC invocations=19 (full 0):
 garbage-first heap   total 378880K, used 108274K [0x0000000701400000, 0x0000000800000000)
  region size 1024K, 16 young (16384K), 16 survivors (16384K)
 Metaspace       used 70512K, capacity 74967K, committed 75088K, reserved 1114112K
  class space    used 8299K, capacity 10236K, committed 10240K, reserved 1048576K
}

