# JRE version: OpenJDK Runtime Environment AdoptOpenJDK (11.0.10+9) (build 11.0.10+9)
# Java VM: OpenJDK 64-Bit Server VM AdoptOpenJDK (11.0.10+9, mixed mode, tiered, compressed oops, g1 gc, windows-amd64)
Heap:
 garbage-first heap   total 262144K, used 18531K [0x0000000701400000, 0x0000000800000000)
  region size 1024K, 9 young (9216K), 6 survivors (6144K)
 Metaspace       used 34920K, capacity 36285K, committed 36432K, reserved 1081344K
  class space    used 3740K, capacity 4308K, committed 4352K, reserved 1048576K
GC Heap History (8 events):
Event: 0.570 GC heap before
{Heap before GC invocations=0 (full 0):
 garbage-first heap   total 262144K, used 20480K [0x0000000701400000, 0x0000000800000000)
  region size 1024K, 14 young (14336K), 0 survivors (0K)
 Metaspace       used 16246K, capacity 16672K, committed 16768K, reserved 1064960K
  class space    used 1718K, capacity 1913K, committed 1920K, reserved 1048576K
}
Event: 0.574 GC heap after
{Heap after GC invocations=1 (full 0):
 garbage-first heap   total 262144K, used 9779K [0x0000000701400000, 0x0000000800000000)
  region size 1024K, 2 young (2048K), 2 survivors (2048K)
 Metaspace       used 16246K, capacity 16672K, committed 16768K, reserved 1064960K
  class space    used 1718K, capacity 1913K, committed 1920K, reserved 1048576K
}
Event: 0.804 GC heap before
{Heap before GC invocations=1 (full 0):
 garbage-first heap   total 262144K, used 18995K [0x0000000701400000, 0x0000000800000000)
  region size 1024K, 12 young (12288K), 2 survivors (2048K)
 Metaspace       used 20477K, capacity 21024K, committed 21120K, reserved 1069056K
  class space    used 2111K, capacity 2366K, committed 2432K, reserved 1048576K
}
Event: 0.808 GC heap after
{Heap after GC invocations=2 (full 0):
 garbage-first heap   total 262144K, used 11347K [0x0000000701400000, 0x0000000800000000)
  region size 1024K, 2 young (2048K), 2 survivors (2048K)
 Metaspace       used 20477K, capacity 21024K, committed 21120K, reserved 1069056K
  class space    used 2111K, capacity 2366K, committed 2432K, reserved 1048576K
}
Event: 0.830 GC heap before
{Heap before GC invocations=2 (full 0):
 garbage-first heap   total 262144K, used 12371K [0x0000000701400000, 0x0000000800000000)
  region size 1024K, 4 young (4096K), 2 survivors (2048K)
 Metaspace       used 20615K, capacity 21216K, committed 21296K, reserved 1069056K
  class space    used 2128K, capacity 2430K, committed 2432K, reserved 1048576K
}
Event: 0.832 GC heap after
{Heap after GC invocations=3 (full 0):
 garbage-first heap   total 262144K, used 10914K [0x0000000701400000, 0x0000000800000000)
  region size 1024K, 1 young (1024K), 1 survivors (1024K)
 Metaspace       used 20615K, capacity 21216K, committed 21296K, reserved 1069056K
  class space    used 2128K, capacity 2430K, committed 2432K, reserved 1048576K
}
Event: 1.595 GC heap before
{Heap before GC invocations=4 (full 0):
 garbage-first heap   total 262144K, used 52898K [0x0000000701400000, 0x0000000800000000)
  region size 1024K, 44 young (45056K), 1 survivors (1024K)
 Metaspace       used 34464K, capacity 35795K, committed 35920K, reserved 1081344K
  class space    used 3705K, capacity 4276K, committed 4352K, reserved 1048576K
}
Event: 1.600 GC heap after
{Heap after GC invocations=5 (full 0):
 garbage-first heap   total 262144K, used 16483K [0x0000000701400000, 0x0000000800000000)
  region size 1024K, 6 young (6144K), 6 survivors (6144K)
 Metaspace       used 34464K, capacity 35795K, committed 35920K, reserved 1081344K
  class space    used 3705K, capacity 4276K, committed 4352K, reserved 1048576K
}

